{"D:\\Work\\Big Projects\\Wallet Manager API\\src\\index.ts": {"path":"D:\\Work\\Big Projects\\Wallet Manager API\\src\\index.ts","statementMap":{"0":{"start":{"line":1,"column":0},"end":{"line":1,"column":28}},"1":{"start":{"line":2,"column":0},"end":{"line":2,"column":null}},"2":{"start":{"line":3,"column":0},"end":{"line":3,"column":40}},"3":{"start":{"line":4,"column":0},"end":{"line":4,"column":61}},"4":{"start":{"line":5,"column":0},"end":{"line":5,"column":67}},"5":{"start":{"line":6,"column":0},"end":{"line":6,"column":60}},"6":{"start":{"line":7,"column":0},"end":{"line":7,"column":29}},"7":{"start":{"line":8,"column":0},"end":{"line":8,"column":45}},"8":{"start":{"line":11,"column":13},"end":{"line":11,"column":37}},"9":{"start":{"line":13,"column":13},"end":{"line":13,"column":39}},"10":{"start":{"line":15,"column":0},"end":{"line":15,"column":null}},"11":{"start":{"line":16,"column":0},"end":{"line":16,"column":null}},"12":{"start":{"line":19,"column":0},"end":{"line":19,"column":null}},"13":{"start":{"line":23,"column":0},"end":{"line":23,"column":null}},"14":{"start":{"line":26,"column":0},"end":{"line":26,"column":null}},"15":{"start":{"line":30,"column":0},"end":{"line":32,"column":null}},"16":{"start":{"line":31,"column":4},"end":{"line":31,"column":44}}},"fnMap":{"0":{"name":"(anonymous_1)","decl":{"start":{"line":30,"column":18},"end":{"line":30,"column":21}},"loc":{"start":{"line":30,"column":23},"end":{"line":32,"column":1}}}},"branchMap":{"0":{"loc":{"start":{"line":11,"column":13},"end":{"line":11,"column":37}},"type":"binary-expr","locations":[{"start":{"line":11,"column":13},"end":{"line":11,"column":29}},{"start":{"line":11,"column":33},"end":{"line":11,"column":37}}]}},"s":{"0":1,"1":1,"2":1,"3":1,"4":1,"5":1,"6":1,"7":1,"8":1,"9":1,"10":1,"11":1,"12":1,"13":1,"14":1,"15":1,"16":1},"f":{"0":1},"b":{"0":[1,0]}}
,"D:\\Work\\Big Projects\\Wallet Manager API\\src\\controllers\\googleAuth.controller.ts": {"path":"D:\\Work\\Big Projects\\Wallet Manager API\\src\\controllers\\googleAuth.controller.ts","statementMap":{"0":{"start":{"line":1,"column":0},"end":{"line":1,"column":27}},"1":{"start":{"line":2,"column":0},"end":{"line":2,"column":null}},"2":{"start":{"line":4,"column":0},"end":{"line":4,"column":43}},"3":{"start":{"line":5,"column":0},"end":{"line":5,"column":79}},"4":{"start":{"line":6,"column":0},"end":{"line":6,"column":69}},"5":{"start":{"line":9,"column":0},"end":{"line":10,"column":null}},"6":{"start":{"line":10,"column":4},"end":{"line":10,"column":null}},"7":{"start":{"line":12,"column":37},"end":{"line":16,"column":1}},"8":{"start":{"line":13,"column":18},"end":{"line":13,"column":33}},"9":{"start":{"line":14,"column":21},"end":{"line":14,"column":67}},"10":{"start":{"line":15,"column":4},"end":{"line":15,"column":39}},"11":{"start":{"line":12,"column":13},"end":{"line":12,"column":37}},"12":{"start":{"line":18,"column":34},"end":{"line":65,"column":null}},"13":{"start":{"line":18,"column":71},"end":{"line":65,"column":null}},"14":{"start":{"line":20,"column":17},"end":{"line":20,"column":41}},"15":{"start":{"line":21,"column":4},"end":{"line":22,"column":null}},"16":{"start":{"line":22,"column":8},"end":{"line":22,"column":null}},"17":{"start":{"line":25,"column":23},"end":{"line":25,"column":72}},"18":{"start":{"line":28,"column":18},"end":{"line":28,"column":35}},"19":{"start":{"line":29,"column":21},"end":{"line":29,"column":35}},"20":{"start":{"line":31,"column":1},"end":{"line":31,"column":null}},"21":{"start":{"line":31,"column":32},"end":{"line":31,"column":null}},"22":{"start":{"line":32,"column":17},"end":{"line":42,"column":6}},"23":{"start":{"line":45,"column":24},"end":{"line":49,"column":6}},"24":{"start":{"line":51,"column":25},"end":{"line":55,"column":6}},"25":{"start":{"line":58,"column":4},"end":{"line":64,"column":null}},"26":{"start":{"line":18,"column":13},"end":{"line":18,"column":34}}},"fnMap":{"0":{"name":"(anonymous_14)","decl":{"start":{"line":12,"column":37},"end":{"line":12,"column":38}},"loc":{"start":{"line":12,"column":68},"end":{"line":16,"column":1}}},"1":{"name":"(anonymous_15)","decl":{"start":{"line":18,"column":34},"end":{"line":18,"column":40}},"loc":{"start":{"line":18,"column":71},"end":{"line":65,"column":null}}},"2":{"name":"(anonymous_16)","decl":{"start":{"line":18,"column":71},"end":{"line":18,"column":null}},"loc":{"start":{"line":18,"column":71},"end":{"line":65,"column":1}}}},"branchMap":{"0":{"loc":{"start":{"line":9,"column":0},"end":{"line":10,"column":null}},"type":"if","locations":[{"start":{"line":9,"column":0},"end":{"line":10,"column":null}}]},"1":{"loc":{"start":{"line":9,"column":3},"end":{"line":9,"column":92}},"type":"binary-expr","locations":[{"start":{"line":9,"column":3},"end":{"line":9,"column":24}},{"start":{"line":9,"column":28},"end":{"line":9,"column":53}},{"start":{"line":9,"column":57},"end":{"line":9,"column":92}}]},"2":{"loc":{"start":{"line":21,"column":4},"end":{"line":22,"column":null}},"type":"if","locations":[{"start":{"line":21,"column":4},"end":{"line":22,"column":null}}]},"3":{"loc":{"start":{"line":31,"column":1},"end":{"line":31,"column":null}},"type":"if","locations":[{"start":{"line":31,"column":1},"end":{"line":31,"column":null}}]}},"s":{"0":1,"1":1,"2":1,"3":1,"4":1,"5":1,"6":0,"7":1,"8":0,"9":0,"10":0,"11":1,"12":1,"13":0,"14":0,"15":0,"16":0,"17":0,"18":0,"19":0,"20":0,"21":0,"22":0,"23":0,"24":0,"25":0,"26":1},"f":{"0":0,"1":0,"2":0},"b":{"0":[0],"1":[1,1,1],"2":[0],"3":[0]}}
,"D:\\Work\\Big Projects\\Wallet Manager API\\src\\errors\\api.error.ts": {"path":"D:\\Work\\Big Projects\\Wallet Manager API\\src\\errors\\api.error.ts","statementMap":{"0":{"start":{"line":6,"column":8},"end":{"line":6,"column":null}},"1":{"start":{"line":7,"column":8},"end":{"line":7,"column":null}},"2":{"start":{"line":8,"column":8},"end":{"line":8,"column":null}},"3":{"start":{"line":9,"column":8},"end":{"line":9,"column":null}},"4":{"start":{"line":10,"column":8},"end":{"line":10,"column":null}},"5":{"start":{"line":15,"column":0},"end":{"line":15,"column":null}}},"fnMap":{"0":{"name":"(anonymous_0)","decl":{"start":{"line":5,"column":4},"end":{"line":5,"column":16}},"loc":{"start":{"line":5,"column":76},"end":{"line":11,"column":5}}}},"branchMap":{},"s":{"0":9,"1":9,"2":9,"3":9,"4":9,"5":5},"f":{"0":9},"b":{}}
,"D:\\Work\\Big Projects\\Wallet Manager API\\src\\middlewares\\error.middleware.ts": {"path":"D:\\Work\\Big Projects\\Wallet Manager API\\src\\middlewares\\error.middleware.ts","statementMap":{"0":{"start":{"line":2,"column":0},"end":{"line":2,"column":43}},"1":{"start":{"line":5,"column":24},"end":{"line":23,"column":1}},"2":{"start":{"line":6,"column":18},"end":{"line":6,"column":41}},"3":{"start":{"line":6,"column":50},"end":{"line":6,"column":53}},"4":{"start":{"line":7,"column":4},"end":{"line":16,"column":5}},"5":{"start":{"line":8,"column":8},"end":{"line":8,"column":null}},"6":{"start":{"line":9,"column":8},"end":{"line":9,"column":null}},"7":{"start":{"line":10,"column":8},"end":{"line":10,"column":null}},"8":{"start":{"line":11,"column":8},"end":{"line":11,"column":null}},"9":{"start":{"line":12,"column":10},"end":{"line":16,"column":5}},"10":{"start":{"line":13,"column":8},"end":{"line":13,"column":null}},"11":{"start":{"line":14,"column":10},"end":{"line":16,"column":5}},"12":{"start":{"line":15,"column":8},"end":{"line":15,"column":null}},"13":{"start":{"line":17,"column":4},"end":{"line":22,"column":null}},"14":{"start":{"line":26,"column":0},"end":{"line":26,"column":null}}},"fnMap":{"0":{"name":"(anonymous_1)","decl":{"start":{"line":5,"column":24},"end":{"line":5,"column":25}},"loc":{"start":{"line":5,"column":90},"end":{"line":23,"column":1}}}},"branchMap":{"0":{"loc":{"start":{"line":7,"column":4},"end":{"line":16,"column":5}},"type":"if","locations":[{"start":{"line":7,"column":4},"end":{"line":16,"column":5}},{"start":{"line":12,"column":10},"end":{"line":16,"column":5}}]},"1":{"loc":{"start":{"line":12,"column":10},"end":{"line":16,"column":5}},"type":"if","locations":[{"start":{"line":12,"column":10},"end":{"line":16,"column":5}},{"start":{"line":14,"column":10},"end":{"line":16,"column":5}}]},"2":{"loc":{"start":{"line":14,"column":10},"end":{"line":16,"column":5}},"type":"if","locations":[{"start":{"line":14,"column":10},"end":{"line":16,"column":5}}]}},"s":{"0":1,"1":1,"2":1,"3":1,"4":1,"5":1,"6":1,"7":1,"8":1,"9":0,"10":0,"11":0,"12":0,"13":1,"14":1},"f":{"0":1},"b":{"0":[1,0],"1":[0,0],"2":[0]}}
,"D:\\Work\\Big Projects\\Wallet Manager API\\src\\middlewares\\notFound.middleware.ts": {"path":"D:\\Work\\Big Projects\\Wallet Manager API\\src\\middlewares\\notFound.middleware.ts","statementMap":{"0":{"start":{"line":2,"column":0},"end":{"line":2,"column":43}},"1":{"start":{"line":4,"column":27},"end":{"line":6,"column":1}},"2":{"start":{"line":5,"column":4},"end":{"line":5,"column":null}},"3":{"start":{"line":8,"column":0},"end":{"line":8,"column":null}}},"fnMap":{"0":{"name":"(anonymous_1)","decl":{"start":{"line":4,"column":27},"end":{"line":4,"column":28}},"loc":{"start":{"line":4,"column":79},"end":{"line":6,"column":1}}}},"branchMap":{},"s":{"0":1,"1":1,"2":1,"3":1},"f":{"0":1},"b":{}}
,"D:\\Work\\Big Projects\\Wallet Manager API\\src\\middlewares\\requestLogger.ts": {"path":"D:\\Work\\Big Projects\\Wallet Manager API\\src\\middlewares\\requestLogger.ts","statementMap":{"0":{"start":{"line":7,"column":29},"end":{"line":16,"column":1}},"1":{"start":{"line":8,"column":4},"end":{"line":8,"column":31}},"2":{"start":{"line":9,"column":4},"end":{"line":14,"column":7}},"3":{"start":{"line":10,"column":8},"end":{"line":13,"column":9}},"4":{"start":{"line":11,"column":29},"end":{"line":11,"column":64}},"5":{"start":{"line":12,"column":12},"end":{"line":12,"column":182}},"6":{"start":{"line":15,"column":4},"end":{"line":15,"column":11}},"7":{"start":{"line":7,"column":13},"end":{"line":7,"column":29}}},"fnMap":{"0":{"name":"(anonymous_0)","decl":{"start":{"line":7,"column":29},"end":{"line":7,"column":30}},"loc":{"start":{"line":7,"column":87},"end":{"line":16,"column":1}}},"1":{"name":"(anonymous_1)","decl":{"start":{"line":9,"column":21},"end":{"line":9,"column":24}},"loc":{"start":{"line":9,"column":26},"end":{"line":14,"column":5}}}},"branchMap":{"0":{"loc":{"start":{"line":10,"column":8},"end":{"line":13,"column":9}},"type":"if","locations":[{"start":{"line":10,"column":8},"end":{"line":13,"column":9}}]},"1":{"loc":{"start":{"line":12,"column":92},"end":{"line":12,"column":143}},"type":"cond-expr","locations":[{"start":{"line":12,"column":115},"end":{"line":12,"column":131}},{"start":{"line":12,"column":134},"end":{"line":12,"column":143}}]}},"s":{"0":1,"1":1,"2":1,"3":1,"4":1,"5":1,"6":1,"7":1},"f":{"0":1,"1":1},"b":{"0":[1],"1":[1,0]}}
,"D:\\Work\\Big Projects\\Wallet Manager API\\src\\middlewares\\validation.middleware.ts": {"path":"D:\\Work\\Big Projects\\Wallet Manager API\\src\\middlewares\\validation.middleware.ts","statementMap":{"0":{"start":{"line":2,"column":0},"end":{"line":2,"column":53}},"1":{"start":{"line":3,"column":0},"end":{"line":3,"column":43}},"2":{"start":{"line":5,"column":29},"end":{"line":11,"column":null}},"3":{"start":{"line":5,"column":86},"end":{"line":11,"column":null}},"4":{"start":{"line":6,"column":19},"end":{"line":6,"column":40}},"5":{"start":{"line":7,"column":4},"end":{"line":9,"column":5}},"6":{"start":{"line":8,"column":8},"end":{"line":8,"column":null}},"7":{"start":{"line":10,"column":4},"end":{"line":10,"column":null}},"8":{"start":{"line":13,"column":0},"end":{"line":13,"column":null}}},"fnMap":{"0":{"name":"(anonymous_8)","decl":{"start":{"line":5,"column":29},"end":{"line":5,"column":35}},"loc":{"start":{"line":5,"column":86},"end":{"line":11,"column":null}}},"1":{"name":"(anonymous_9)","decl":{"start":{"line":5,"column":86},"end":{"line":5,"column":null}},"loc":{"start":{"line":5,"column":86},"end":{"line":11,"column":1}}}},"branchMap":{"0":{"loc":{"start":{"line":7,"column":4},"end":{"line":9,"column":5}},"type":"if","locations":[{"start":{"line":7,"column":4},"end":{"line":9,"column":5}}]}},"s":{"0":1,"1":1,"2":1,"3":2,"4":2,"5":2,"6":1,"7":1,"8":1},"f":{"0":2,"1":2},"b":{"0":[1]}}
,"D:\\Work\\Big Projects\\Wallet Manager API\\src\\middlewares\\verifyToken.ts": {"path":"D:\\Work\\Big Projects\\Wallet Manager API\\src\\middlewares\\verifyToken.ts","statementMap":{"0":{"start":{"line":1,"column":0},"end":{"line":1,"column":27}},"1":{"start":{"line":2,"column":0},"end":{"line":2,"column":null}},"2":{"start":{"line":4,"column":0},"end":{"line":4,"column":43}},"3":{"start":{"line":5,"column":0},"end":{"line":5,"column":99}},"4":{"start":{"line":10,"column":33},"end":{"line":18,"column":null}},"5":{"start":{"line":10,"column":90},"end":{"line":18,"column":null}},"6":{"start":{"line":11,"column":23},"end":{"line":11,"column":48}},"7":{"start":{"line":12,"column":4},"end":{"line":12,"column":null}},"8":{"start":{"line":12,"column":20},"end":{"line":12,"column":null}},"9":{"start":{"line":13,"column":18},"end":{"line":13,"column":42}},"10":{"start":{"line":14,"column":17},"end":{"line":14,"column":42}},"11":{"start":{"line":15,"column":4},"end":{"line":15,"column":null}},"12":{"start":{"line":15,"column":13},"end":{"line":15,"column":null}},"13":{"start":{"line":16,"column":4},"end":{"line":16,"column":null}},"14":{"start":{"line":17,"column":4},"end":{"line":17,"column":null}},"15":{"start":{"line":10,"column":13},"end":{"line":10,"column":33}},"16":{"start":{"line":20,"column":34},"end":{"line":36,"column":null}},"17":{"start":{"line":20,"column":71},"end":{"line":36,"column":null}},"18":{"start":{"line":21,"column":23},"end":{"line":21,"column":48}},"19":{"start":{"line":22,"column":4},"end":{"line":22,"column":null}},"20":{"start":{"line":22,"column":20},"end":{"line":22,"column":null}},"21":{"start":{"line":23,"column":18},"end":{"line":23,"column":42}},"22":{"start":{"line":24,"column":17},"end":{"line":24,"column":43}},"23":{"start":{"line":25,"column":4},"end":{"line":25,"column":null}},"24":{"start":{"line":25,"column":13},"end":{"line":25,"column":null}},"25":{"start":{"line":26,"column":4},"end":{"line":26,"column":null}},"26":{"start":{"line":27,"column":24},"end":{"line":31,"column":6}},"27":{"start":{"line":32,"column":4},"end":{"line":35,"column":null}},"28":{"start":{"line":20,"column":13},"end":{"line":20,"column":34}}},"fnMap":{"0":{"name":"(anonymous_8)","decl":{"start":{"line":10,"column":33},"end":{"line":10,"column":39}},"loc":{"start":{"line":10,"column":90},"end":{"line":18,"column":null}}},"1":{"name":"(anonymous_9)","decl":{"start":{"line":10,"column":90},"end":{"line":10,"column":null}},"loc":{"start":{"line":10,"column":90},"end":{"line":18,"column":1}}},"2":{"name":"(anonymous_10)","decl":{"start":{"line":20,"column":34},"end":{"line":20,"column":40}},"loc":{"start":{"line":20,"column":71},"end":{"line":36,"column":null}}},"3":{"name":"(anonymous_11)","decl":{"start":{"line":20,"column":71},"end":{"line":20,"column":null}},"loc":{"start":{"line":20,"column":71},"end":{"line":36,"column":1}}}},"branchMap":{"0":{"loc":{"start":{"line":12,"column":4},"end":{"line":12,"column":null}},"type":"if","locations":[{"start":{"line":12,"column":4},"end":{"line":12,"column":null}}]},"1":{"loc":{"start":{"line":15,"column":4},"end":{"line":15,"column":null}},"type":"if","locations":[{"start":{"line":15,"column":4},"end":{"line":15,"column":null}}]},"2":{"loc":{"start":{"line":22,"column":4},"end":{"line":22,"column":null}},"type":"if","locations":[{"start":{"line":22,"column":4},"end":{"line":22,"column":null}}]},"3":{"loc":{"start":{"line":25,"column":4},"end":{"line":25,"column":null}},"type":"if","locations":[{"start":{"line":25,"column":4},"end":{"line":25,"column":null}}]}},"s":{"0":2,"1":2,"2":2,"3":2,"4":2,"5":3,"6":3,"7":3,"8":1,"9":2,"10":2,"11":2,"12":1,"13":1,"14":1,"15":2,"16":2,"17":0,"18":0,"19":0,"20":0,"21":0,"22":0,"23":0,"24":0,"25":0,"26":0,"27":0,"28":2},"f":{"0":3,"1":3,"2":0,"3":0},"b":{"0":[1],"1":[1],"2":[0],"3":[0]}}
,"D:\\Work\\Big Projects\\Wallet Manager API\\src\\models\\user.model.ts": {"path":"D:\\Work\\Big Projects\\Wallet Manager API\\src\\models\\user.model.ts","statementMap":{"0":{"start":{"line":1,"column":0},"end":{"line":1,"column":27}},"1":{"start":{"line":2,"column":0},"end":{"line":2,"column":null}},"2":{"start":{"line":3,"column":0},"end":{"line":3,"column":60}},"3":{"start":{"line":7,"column":27},"end":{"line":13,"column":2}},"4":{"start":{"line":29,"column":13},"end":{"line":29,"column":76}}},"fnMap":{},"branchMap":{},"s":{"0":1,"1":1,"2":1,"3":1,"4":1},"f":{},"b":{}}
,"D:\\Work\\Big Projects\\Wallet Manager API\\src\\routes\\auth.route.ts": {"path":"D:\\Work\\Big Projects\\Wallet Manager API\\src\\routes\\auth.route.ts","statementMap":{"0":{"start":{"line":1,"column":0},"end":{"line":1,"column":33}},"1":{"start":{"line":2,"column":0},"end":{"line":2,"column":96}},"2":{"start":{"line":3,"column":0},"end":{"line":3,"column":64}},"3":{"start":{"line":6,"column":19},"end":{"line":6,"column":27}},"4":{"start":{"line":8,"column":0},"end":{"line":8,"column":null}},"5":{"start":{"line":10,"column":0},"end":{"line":10,"column":null}},"6":{"start":{"line":12,"column":0},"end":{"line":12,"column":null}},"7":{"start":{"line":14,"column":0},"end":{"line":14,"column":null}}},"fnMap":{},"branchMap":{},"s":{"0":1,"1":1,"2":1,"3":1,"4":1,"5":1,"6":1,"7":1},"f":{},"b":{}}
,"D:\\Work\\Big Projects\\Wallet Manager API\\src\\services\\googleAuth.service.ts": {"path":"D:\\Work\\Big Projects\\Wallet Manager API\\src\\services\\googleAuth.service.ts","statementMap":{"0":{"start":{"line":2,"column":0},"end":{"line":2,"column":51}},"1":{"start":{"line":3,"column":0},"end":{"line":3,"column":51}},"2":{"start":{"line":5,"column":0},"end":{"line":5,"column":43}},"3":{"start":{"line":7,"column":15},"end":{"line":7,"column":115}},"4":{"start":{"line":9,"column":36},"end":{"line":9,"column":88}},"5":{"start":{"line":9,"column":55},"end":{"line":9,"column":88}},"6":{"start":{"line":9,"column":13},"end":{"line":9,"column":36}},"7":{"start":{"line":12,"column":34},"end":{"line":24,"column":null}},"8":{"start":{"line":12,"column":57},"end":{"line":24,"column":null}},"9":{"start":{"line":14,"column":17},"end":{"line":14,"column":48}},"10":{"start":{"line":15,"column":4},"end":{"line":16,"column":null}},"11":{"start":{"line":16,"column":8},"end":{"line":16,"column":null}},"12":{"start":{"line":19,"column":23},"end":{"line":19,"column":48}},"13":{"start":{"line":20,"column":4},"end":{"line":21,"column":null}},"14":{"start":{"line":21,"column":8},"end":{"line":21,"column":null}},"15":{"start":{"line":23,"column":4},"end":{"line":23,"column":null}},"16":{"start":{"line":12,"column":13},"end":{"line":12,"column":34}},"17":{"start":{"line":26,"column":35},"end":{"line":26,"column":null}},"18":{"start":{"line":26,"column":58},"end":{"line":26,"column":null}},"19":{"start":{"line":26,"column":59},"end":{"line":26,"column":null}},"20":{"start":{"line":26,"column":13},"end":{"line":26,"column":35}},"21":{"start":{"line":28,"column":29},"end":{"line":33,"column":null}},"22":{"start":{"line":28,"column":61},"end":{"line":33,"column":null}},"23":{"start":{"line":29,"column":19},"end":{"line":31,"column":6}},"24":{"start":{"line":32,"column":4},"end":{"line":32,"column":null}},"25":{"start":{"line":28,"column":13},"end":{"line":28,"column":29}},"26":{"start":{"line":35,"column":26},"end":{"line":41,"column":2}},"27":{"start":{"line":39,"column":4},"end":{"line":41,"column":2}},"28":{"start":{"line":40,"column":4},"end":{"line":40,"column":57}},"29":{"start":{"line":35,"column":13},"end":{"line":35,"column":26}}},"fnMap":{"0":{"name":"(anonymous_8)","decl":{"start":{"line":9,"column":36},"end":{"line":9,"column":37}},"loc":{"start":{"line":9,"column":55},"end":{"line":9,"column":88}}},"1":{"name":"(anonymous_9)","decl":{"start":{"line":12,"column":34},"end":{"line":12,"column":41}},"loc":{"start":{"line":12,"column":57},"end":{"line":24,"column":null}}},"2":{"name":"(anonymous_10)","decl":{"start":{"line":12,"column":57},"end":{"line":12,"column":null}},"loc":{"start":{"line":12,"column":57},"end":{"line":24,"column":1}}},"3":{"name":"(anonymous_11)","decl":{"start":{"line":26,"column":35},"end":{"line":26,"column":42}},"loc":{"start":{"line":26,"column":58},"end":{"line":26,"column":null}}},"4":{"name":"(anonymous_12)","decl":{"start":{"line":26,"column":58},"end":{"line":26,"column":59}},"loc":{"start":{"line":26,"column":58},"end":{"line":26,"column":null}}},"5":{"name":"(anonymous_13)","decl":{"start":{"line":28,"column":29},"end":{"line":28,"column":35}},"loc":{"start":{"line":28,"column":61},"end":{"line":33,"column":null}}},"6":{"name":"(anonymous_14)","decl":{"start":{"line":28,"column":61},"end":{"line":28,"column":null}},"loc":{"start":{"line":28,"column":61},"end":{"line":33,"column":1}}},"7":{"name":"(anonymous_15)","decl":{"start":{"line":35,"column":26},"end":{"line":35,"column":null}},"loc":{"start":{"line":39,"column":4},"end":{"line":41,"column":2}}},"8":{"name":"(anonymous_16)","decl":{"start":{"line":39,"column":4},"end":{"line":39,"column":null}},"loc":{"start":{"line":38,"column":30},"end":{"line":41,"column":1}}}},"branchMap":{"0":{"loc":{"start":{"line":15,"column":4},"end":{"line":16,"column":null}},"type":"if","locations":[{"start":{"line":15,"column":4},"end":{"line":16,"column":null}}]},"1":{"loc":{"start":{"line":20,"column":4},"end":{"line":21,"column":null}},"type":"if","locations":[{"start":{"line":20,"column":4},"end":{"line":21,"column":null}}]},"2":{"loc":{"start":{"line":38,"column":4},"end":{"line":38,"column":30}},"type":"default-arg","locations":[{"start":{"line":38,"column":28},"end":{"line":38,"column":30}}]}},"s":{"0":1,"1":1,"2":1,"3":1,"4":1,"5":0,"6":1,"7":1,"8":0,"9":0,"10":0,"11":0,"12":0,"13":0,"14":0,"15":0,"16":1,"17":1,"18":0,"19":0,"20":1,"21":1,"22":0,"23":0,"24":0,"25":1,"26":1,"27":0,"28":0,"29":1},"f":{"0":0,"1":0,"2":0,"3":0,"4":0,"5":0,"6":0,"7":0,"8":0},"b":{"0":[0],"1":[0],"2":[0]}}
,"D:\\Work\\Big Projects\\Wallet Manager API\\src\\utils\\generateToken.ts": {"path":"D:\\Work\\Big Projects\\Wallet Manager API\\src\\utils\\generateToken.ts","statementMap":{"0":{"start":{"line":1,"column":0},"end":{"line":1,"column":42}},"1":{"start":{"line":3,"column":0},"end":{"line":3,"column":30}},"2":{"start":{"line":6,"column":33},"end":{"line":18,"column":null}},"3":{"start":{"line":6,"column":62},"end":{"line":18,"column":null}},"4":{"start":{"line":7,"column":4},"end":{"line":17,"column":5}},"5":{"start":{"line":8,"column":22},"end":{"line":12,"column":null}},"6":{"start":{"line":14,"column":8},"end":{"line":14,"column":null}},"7":{"start":{"line":16,"column":8},"end":{"line":16,"column":null}},"8":{"start":{"line":6,"column":13},"end":{"line":6,"column":33}},"9":{"start":{"line":20,"column":34},"end":{"line":27,"column":1}},"10":{"start":{"line":21,"column":4},"end":{"line":21,"column":null}},"11":{"start":{"line":21,"column":39},"end":{"line":21,"column":null}},"12":{"start":{"line":22,"column":4},"end":{"line":26,"column":5}},"13":{"start":{"line":23,"column":8},"end":{"line":23,"column":null}},"14":{"start":{"line":25,"column":8},"end":{"line":25,"column":null}},"15":{"start":{"line":20,"column":13},"end":{"line":20,"column":34}},"16":{"start":{"line":30,"column":34},"end":{"line":42,"column":null}},"17":{"start":{"line":30,"column":63},"end":{"line":42,"column":null}},"18":{"start":{"line":31,"column":4},"end":{"line":41,"column":5}},"19":{"start":{"line":32,"column":22},"end":{"line":36,"column":null}},"20":{"start":{"line":38,"column":8},"end":{"line":38,"column":null}},"21":{"start":{"line":40,"column":8},"end":{"line":40,"column":null}},"22":{"start":{"line":30,"column":13},"end":{"line":30,"column":34}},"23":{"start":{"line":44,"column":35},"end":{"line":51,"column":1}},"24":{"start":{"line":45,"column":4},"end":{"line":45,"column":null}},"25":{"start":{"line":45,"column":40},"end":{"line":45,"column":null}},"26":{"start":{"line":46,"column":4},"end":{"line":50,"column":5}},"27":{"start":{"line":47,"column":8},"end":{"line":47,"column":null}},"28":{"start":{"line":49,"column":8},"end":{"line":49,"column":null}},"29":{"start":{"line":44,"column":13},"end":{"line":44,"column":35}}},"fnMap":{"0":{"name":"(anonymous_8)","decl":{"start":{"line":6,"column":33},"end":{"line":6,"column":39}},"loc":{"start":{"line":6,"column":62},"end":{"line":18,"column":null}}},"1":{"name":"(anonymous_9)","decl":{"start":{"line":6,"column":62},"end":{"line":6,"column":null}},"loc":{"start":{"line":6,"column":62},"end":{"line":18,"column":1}}},"2":{"name":"(anonymous_10)","decl":{"start":{"line":20,"column":34},"end":{"line":20,"column":35}},"loc":{"start":{"line":20,"column":52},"end":{"line":27,"column":1}}},"3":{"name":"(anonymous_11)","decl":{"start":{"line":30,"column":34},"end":{"line":30,"column":40}},"loc":{"start":{"line":30,"column":63},"end":{"line":42,"column":null}}},"4":{"name":"(anonymous_12)","decl":{"start":{"line":30,"column":63},"end":{"line":30,"column":null}},"loc":{"start":{"line":30,"column":63},"end":{"line":42,"column":1}}},"5":{"name":"(anonymous_13)","decl":{"start":{"line":44,"column":35},"end":{"line":44,"column":36}},"loc":{"start":{"line":44,"column":53},"end":{"line":51,"column":1}}}},"branchMap":{"0":{"loc":{"start":{"line":7,"column":4},"end":{"line":17,"column":5}},"type":"if","locations":[{"start":{"line":7,"column":4},"end":{"line":17,"column":5}},{"start":{"line":15,"column":9},"end":{"line":17,"column":5}}]},"1":{"loc":{"start":{"line":21,"column":4},"end":{"line":21,"column":null}},"type":"if","locations":[{"start":{"line":21,"column":4},"end":{"line":21,"column":null}}]},"2":{"loc":{"start":{"line":31,"column":4},"end":{"line":41,"column":5}},"type":"if","locations":[{"start":{"line":31,"column":4},"end":{"line":41,"column":5}},{"start":{"line":39,"column":9},"end":{"line":41,"column":5}}]},"3":{"loc":{"start":{"line":45,"column":4},"end":{"line":45,"column":null}},"type":"if","locations":[{"start":{"line":45,"column":4},"end":{"line":45,"column":null}}]}},"s":{"0":3,"1":3,"2":3,"3":5,"4":5,"5":4,"6":4,"7":1,"8":3,"9":3,"10":7,"11":1,"12":6,"13":6,"14":2,"15":3,"16":3,"17":4,"18":4,"19":3,"20":3,"21":1,"22":3,"23":3,"24":5,"25":1,"26":4,"27":4,"28":1,"29":3},"f":{"0":5,"1":5,"2":7,"3":4,"4":4,"5":5},"b":{"0":[4,1],"1":[1],"2":[3,1],"3":[1]}}
}
