TN:
SF:src\index.ts
FN:30,(anonymous_1)
FNF:1
FNH:1
FNDA:1,(anonymous_1)
DA:1,1
DA:2,1
DA:3,1
DA:4,1
DA:5,1
DA:6,1
DA:7,1
DA:8,1
DA:11,1
DA:13,1
DA:15,1
DA:16,1
DA:19,1
DA:23,1
DA:26,1
DA:30,1
DA:31,1
LF:17
LH:17
BRDA:11,0,0,1
BRDA:11,0,1,0
BRF:2
BRH:1
end_of_record
TN:
SF:src\controllers\googleAuth.controller.ts
FN:12,(anonymous_14)
FN:18,(anonymous_15)
FN:18,(anonymous_16)
FNF:3
FNH:0
FNDA:0,(anonymous_14)
FNDA:0,(anonymous_15)
FNDA:0,(anonymous_16)
DA:1,1
DA:2,1
DA:4,1
DA:5,1
DA:6,1
DA:9,1
DA:10,0
DA:12,1
DA:13,0
DA:14,0
DA:15,0
DA:18,1
DA:20,0
DA:21,0
DA:22,0
DA:25,0
DA:28,0
DA:29,0
DA:31,0
DA:32,0
DA:45,0
DA:51,0
DA:58,0
LF:23
LH:8
BRDA:9,0,0,0
BRDA:9,1,0,1
BRDA:9,1,1,1
BRDA:9,1,2,1
BRDA:21,2,0,0
BRDA:31,3,0,0
BRF:6
BRH:3
end_of_record
TN:
SF:src\errors\api.error.ts
FN:5,(anonymous_0)
FNF:1
FNH:1
FNDA:9,(anonymous_0)
DA:6,9
DA:7,9
DA:8,9
DA:9,9
DA:10,9
DA:15,5
LF:6
LH:6
BRF:0
BRH:0
end_of_record
TN:
SF:src\middlewares\error.middleware.ts
FN:5,(anonymous_1)
FNF:1
FNH:1
FNDA:1,(anonymous_1)
DA:2,1
DA:5,1
DA:6,1
DA:7,1
DA:8,1
DA:9,1
DA:10,1
DA:11,1
DA:12,0
DA:13,0
DA:14,0
DA:15,0
DA:17,1
DA:26,1
LF:14
LH:10
BRDA:7,0,0,1
BRDA:7,0,1,0
BRDA:12,1,0,0
BRDA:12,1,1,0
BRDA:14,2,0,0
BRF:5
BRH:1
end_of_record
TN:
SF:src\middlewares\notFound.middleware.ts
FN:4,(anonymous_1)
FNF:1
FNH:1
FNDA:1,(anonymous_1)
DA:2,1
DA:4,1
DA:5,1
DA:8,1
LF:4
LH:4
BRF:0
BRH:0
end_of_record
TN:
SF:src\middlewares\requestLogger.ts
FN:7,(anonymous_0)
FN:9,(anonymous_1)
FNF:2
FNH:2
FNDA:1,(anonymous_0)
FNDA:1,(anonymous_1)
DA:7,1
DA:8,1
DA:9,1
DA:10,1
DA:11,1
DA:12,1
DA:15,1
LF:7
LH:7
BRDA:10,0,0,1
BRDA:12,1,0,1
BRDA:12,1,1,0
BRF:3
BRH:2
end_of_record
TN:
SF:src\middlewares\validation.middleware.ts
FN:5,(anonymous_8)
FN:5,(anonymous_9)
FNF:2
FNH:2
FNDA:2,(anonymous_8)
FNDA:2,(anonymous_9)
DA:2,1
DA:3,1
DA:5,2
DA:6,2
DA:7,2
DA:8,1
DA:10,1
DA:13,1
LF:8
LH:8
BRDA:7,0,0,1
BRF:1
BRH:1
end_of_record
TN:
SF:src\middlewares\verifyToken.ts
FN:10,(anonymous_8)
FN:10,(anonymous_9)
FN:20,(anonymous_10)
FN:20,(anonymous_11)
FNF:4
FNH:2
FNDA:3,(anonymous_8)
FNDA:3,(anonymous_9)
FNDA:0,(anonymous_10)
FNDA:0,(anonymous_11)
DA:1,2
DA:2,2
DA:4,2
DA:5,2
DA:10,3
DA:11,3
DA:12,3
DA:13,2
DA:14,2
DA:15,2
DA:16,1
DA:17,1
DA:20,2
DA:21,0
DA:22,0
DA:23,0
DA:24,0
DA:25,0
DA:26,0
DA:27,0
DA:32,0
LF:21
LH:13
BRDA:12,0,0,1
BRDA:15,1,0,1
BRDA:22,2,0,0
BRDA:25,3,0,0
BRF:4
BRH:2
end_of_record
TN:
SF:src\models\user.model.ts
FNF:0
FNH:0
DA:1,1
DA:2,1
DA:3,1
DA:7,1
DA:29,1
LF:5
LH:5
BRF:0
BRH:0
end_of_record
TN:
SF:src\routes\auth.route.ts
FNF:0
FNH:0
DA:1,1
DA:2,1
DA:3,1
DA:6,1
DA:8,1
DA:10,1
DA:12,1
DA:14,1
LF:8
LH:8
BRF:0
BRH:0
end_of_record
TN:
SF:src\services\googleAuth.service.ts
FN:9,(anonymous_8)
FN:12,(anonymous_9)
FN:12,(anonymous_10)
FN:26,(anonymous_11)
FN:26,(anonymous_12)
FN:28,(anonymous_13)
FN:28,(anonymous_14)
FN:35,(anonymous_15)
FN:39,(anonymous_16)
FNF:9
FNH:0
FNDA:0,(anonymous_8)
FNDA:0,(anonymous_9)
FNDA:0,(anonymous_10)
FNDA:0,(anonymous_11)
FNDA:0,(anonymous_12)
FNDA:0,(anonymous_13)
FNDA:0,(anonymous_14)
FNDA:0,(anonymous_15)
FNDA:0,(anonymous_16)
DA:2,1
DA:3,1
DA:5,1
DA:7,1
DA:9,1
DA:12,1
DA:14,0
DA:15,0
DA:16,0
DA:19,0
DA:20,0
DA:21,0
DA:23,0
DA:26,1
DA:28,1
DA:29,0
DA:32,0
DA:35,1
DA:39,0
DA:40,0
LF:20
LH:9
BRDA:15,0,0,0
BRDA:20,1,0,0
BRDA:38,2,0,0
BRF:3
BRH:0
end_of_record
TN:
SF:src\utils\generateToken.ts
FN:6,(anonymous_8)
FN:6,(anonymous_9)
FN:20,(anonymous_10)
FN:30,(anonymous_11)
FN:30,(anonymous_12)
FN:44,(anonymous_13)
FNF:6
FNH:6
FNDA:5,(anonymous_8)
FNDA:5,(anonymous_9)
FNDA:7,(anonymous_10)
FNDA:4,(anonymous_11)
FNDA:4,(anonymous_12)
FNDA:5,(anonymous_13)
DA:1,3
DA:3,3
DA:6,5
DA:7,5
DA:8,4
DA:14,4
DA:16,1
DA:20,3
DA:21,7
DA:22,6
DA:23,6
DA:25,2
DA:30,4
DA:31,4
DA:32,3
DA:38,3
DA:40,1
DA:44,3
DA:45,5
DA:46,4
DA:47,4
DA:49,1
LF:22
LH:22
BRDA:7,0,0,4
BRDA:7,0,1,1
BRDA:21,1,0,1
BRDA:31,2,0,3
BRDA:31,2,1,1
BRDA:45,3,0,1
BRF:6
BRH:6
end_of_record
